<?xml version="1.0" encoding="UTF-8"?>
<!-- Generated by org.testng.reporters.JUnitXMLReporter -->
<testsuite ignored="0" hostname="DESKTOP-83C1RSU" failures="0" tests="3" name="Default test" time="11.876" errors="0" timestamp="2024-01-10T12:13:08 IST">
  <testcase classname="pages.DataDrivenDemoWebShop" name="CreateAccount" time="0.955"/>
  <testcase classname="pages.DataDrivenDemoWebShop" name="CreateAccount" time="0.908"/>
  <testcase classname="pages.DataDrivenDemoWebShop" name="CreateAccount" time="0.777"/>
</testsuite> <!-- Default test -->
